# JRE version: Java(TM) SE Runtime Environment (8.0_131-b11) (build 1.8.0_131-b11)
# Java VM: Java HotSpot(TM) 64-Bit Server VM (25.131-b11 mixed mode windows-amd64 compressed oops)
Heap:
 PSYoungGen      total 591360K, used 56160K [0x00000000d5b80000, 0x0000000100000000, 0x0000000100000000)
  eden space 491008K, 0% used [0x00000000d5b80000,0x00000000d5b80000,0x00000000f3b00000)
  from space 100352K, 55% used [0x00000000f9e00000,0x00000000fd4d8000,0x0000000100000000)
  to   space 100864K, 0% used [0x00000000f3b00000,0x00000000f3b00000,0x00000000f9d80000)
 ParOldGen       total 1027584K, used 959790K [0x0000000081200000, 0x00000000bfd80000, 0x00000000d5b80000)
  object space 1027584K, 93% used [0x0000000081200000,0x00000000bbb4b8c8,0x00000000bfd80000)
 Metaspace       used 4066K, capacity 4640K, committed 4864K, reserved 1056768K
  class space    used 441K, capacity 459K, committed 512K, reserved 1048576K
GC Heap History (10 events):
Event: 207.238 GC heap after
Heap after GC invocations=488 (full 26):
 PSYoungGen      total 588800K, used 56672K [0x00000000d5b80000, 0x0000000100000000, 0x0000000100000000)
  eden space 497664K, 0% used [0x00000000d5b80000,0x00000000d5b80000,0x00000000f4180000)
  from space 91136K, 62% used [0x00000000f9e80000,0x00000000fd5d8000,0x00000000ff780000)
  to   space 95232K, 0% used [0x00000000f4180000,0x00000000f4180000,0x00000000f9e80000)
 ParOldGen       total 1027584K, used 733078K [0x0000000081200000, 0x00000000bfd80000, 0x00000000d5b80000)
  object space 1027584K, 71% used [0x0000000081200000,0x00000000adde58c8,0x00000000bfd80000)
 Metaspace       used 4066K, capacity 4640K, committed 4864K, reserved 1056768K
  class space    used 441K, capacity 459K, committed 512K, reserved 1048576K
}
Event: 207.609 GC heap before
{Heap before GC invocations=489 (full 26):
 PSYoungGen      total 588800K, used 554336K [0x00000000d5b80000, 0x0000000100000000, 0x0000000100000000)
  eden space 497664K, 100% used [0x00000000d5b80000,0x00000000f4180000,0x00000000f4180000)
  from space 91136K, 62% used [0x00000000f9e80000,0x00000000fd5d8000,0x00000000ff780000)
  to   space 95232K, 0% used [0x00000000f4180000,0x00000000f4180000,0x00000000f9e80000)
 ParOldGen       total 1027584K, used 733078K [0x0000000081200000, 0x00000000bfd80000, 0x00000000d5b80000)
  object space 1027584K, 71% used [0x0000000081200000,0x00000000adde58c8,0x00000000bfd80000)
 Metaspace       used 4066K, capacity 4640K, committed 4864K, reserved 1056768K
  class space    used 441K, capacity 459K, committed 512K, reserved 1048576K
Event: 207.784 GC heap after
Heap after GC invocations=489 (full 26):
 PSYoungGen      total 592896K, used 56672K [0x00000000d5b80000, 0x0000000100000000, 0x0000000100000000)
  eden space 497664K, 0% used [0x00000000d5b80000,0x00000000d5b80000,0x00000000f4180000)
  from space 95232K, 59% used [0x00000000f4180000,0x00000000f78d8000,0x00000000f9e80000)
  to   space 97792K, 0% used [0x00000000fa080000,0x00000000fa080000,0x0000000100000000)
 ParOldGen       total 1027584K, used 789886K [0x0000000081200000, 0x00000000bfd80000, 0x00000000d5b80000)
  object space 1027584K, 76% used [0x0000000081200000,0x00000000b155f8c8,0x00000000bfd80000)
 Metaspace       used 4066K, capacity 4640K, committed 4864K, reserved 1056768K
  class space    used 441K, capacity 459K, committed 512K, reserved 1048576K
}
Event: 208.157 GC heap before
{Heap before GC invocations=490 (full 26):
 PSYoungGen      total 592896K, used 554336K [0x00000000d5b80000, 0x0000000100000000, 0x0000000100000000)
  eden space 497664K, 100% used [0x00000000d5b80000,0x00000000f4180000,0x00000000f4180000)
  from space 95232K, 59% used [0x00000000f4180000,0x00000000f78d8000,0x00000000f9e80000)
  to   space 97792K, 0% used [0x00000000fa080000,0x00000000fa080000,0x0000000100000000)
 ParOldGen       total 1027584K, used 789886K [0x0000000081200000, 0x00000000bfd80000, 0x00000000d5b80000)
  object space 1027584K, 76% used [0x0000000081200000,0x00000000b155f8c8,0x00000000bfd80000)
 Metaspace       used 4066K, capacity 4640K, committed 4864K, reserved 1056768K
  class space    used 441K, capacity 459K, committed 512K, reserved 1048576K
Event: 208.336 GC heap after
Heap after GC invocations=490 (full 26):
 PSYoungGen      total 590848K, used 56736K [0x00000000d5b80000, 0x0000000100000000, 0x0000000100000000)
  eden space 493056K, 0% used [0x00000000d5b80000,0x00000000d5b80000,0x00000000f3d00000)
  from space 97792K, 58% used [0x00000000fa080000,0x00000000fd7e8000,0x0000000100000000)
  to   space 99840K, 0% used [0x00000000f3d00000,0x00000000f3d00000,0x00000000f9e80000)
 ParOldGen       total 1027584K, used 846694K [0x0000000081200000, 0x00000000bfd80000, 0x00000000d5b80000)
  object space 1027584K, 82% used [0x0000000081200000,0x00000000b4cd98c8,0x00000000bfd80000)
 Metaspace       used 4066K, capacity 4640K, committed 4864K, reserved 1056768K
  class space    used 441K, capacity 459K, committed 512K, reserved 1048576K
}
Event: 208.702 GC heap before
{Heap before GC invocations=491 (full 26):
 PSYoungGen      total 590848K, used 549792K [0x00000000d5b80000, 0x0000000100000000, 0x0000000100000000)
  eden space 493056K, 100% used [0x00000000d5b80000,0x00000000f3d00000,0x00000000f3d00000)
  from space 97792K, 58% used [0x00000000fa080000,0x00000000fd7e8000,0x0000000100000000)
  to   space 99840K, 0% used [0x00000000f3d00000,0x00000000f3d00000,0x00000000f9e80000)
 ParOldGen       total 1027584K, used 846694K [0x0000000081200000, 0x00000000bfd80000, 0x00000000d5b80000)
  object space 1027584K, 82% used [0x0000000081200000,0x00000000b4cd98c8,0x00000000bfd80000)
 Metaspace       used 4066K, capacity 4640K, committed 4864K, reserved 1056768K
  class space    used 441K, capacity 459K, committed 512K, reserved 1048576K
Event: 208.876 GC heap after
Heap after GC invocations=491 (full 26):
 PSYoungGen      total 549376K, used 56128K [0x00000000d5b80000, 0x0000000100000000, 0x0000000100000000)
  eden space 493056K, 0% used [0x00000000d5b80000,0x00000000d5b80000,0x00000000f3d00000)
  from space 56320K, 99% used [0x00000000f3d00000,0x00000000f73d0000,0x00000000f7400000)
  to   space 100352K, 0% used [0x00000000f9e00000,0x00000000f9e00000,0x0000000100000000)
 ParOldGen       total 1027584K, used 903502K [0x0000000081200000, 0x00000000bfd80000, 0x00000000d5b80000)
  object space 1027584K, 87% used [0x0000000081200000,0x00000000b84538c8,0x00000000bfd80000)
 Metaspace       used 4066K, capacity 4640K, committed 4864K, reserved 1056768K
  class space    used 441K, capacity 459K, committed 512K, reserved 1048576K
}
Event: 209.245 GC heap before
{Heap before GC invocations=492 (full 26):
 PSYoungGen      total 549376K, used 549184K [0x00000000d5b80000, 0x0000000100000000, 0x0000000100000000)
  eden space 493056K, 100% used [0x00000000d5b80000,0x00000000f3d00000,0x00000000f3d00000)
  from space 56320K, 99% used [0x00000000f3d00000,0x00000000f73d0000,0x00000000f7400000)
  to   space 100352K, 0% used [0x00000000f9e00000,0x00000000f9e00000,0x0000000100000000)
 ParOldGen       total 1027584K, used 903502K [0x0000000081200000, 0x00000000bfd80000, 0x00000000d5b80000)
  object space 1027584K, 87% used [0x0000000081200000,0x00000000b84538c8,0x00000000bfd80000)
 Metaspace       used 4066K, capacity 4640K, committed 4864K, reserved 1056768K
  class space    used 441K, capacity 459K, committed 512K, reserved 1048576K
Event: 209.418 GC heap after
Heap after GC invocations=492 (full 26):
 PSYoungGen      total 591360K, used 56160K [0x00000000d5b80000, 0x0000000100000000, 0x0000000100000000)
  eden space 491008K, 0% used [0x00000000d5b80000,0x00000000d5b80000,0x00000000f3b00000)
  from space 100352K, 55% used [0x00000000f9e00000,0x00000000fd4d8000,0x0000000100000000)
  to   space 100864K, 0% used [0x00000000f3b00000,0x00000000f3b00000,0x00000000f9d80000)
 ParOldGen       total 1027584K, used 959790K [0x0000000081200000, 0x00000000bfd80000, 0x00000000d5b80000)
  object space 1027584K, 93% used [0x0000000081200000,0x00000000bbb4b8c8,0x00000000bfd80000)
 Metaspace       used 4066K, capacity 4640K, committed 4864K, reserved 1056768K
  class space    used 441K, capacity 459K, committed 512K, reserved 1048576K
}
Event: 209.418 GC heap before
{Heap before GC invocations=493 (full 27):
 PSYoungGen      total 591360K, used 56160K [0x00000000d5b80000, 0x0000000100000000, 0x0000000100000000)
  eden space 491008K, 0% used [0x00000000d5b80000,0x00000000d5b80000,0x00000000f3b00000)
  from space 100352K, 55% used [0x00000000f9e00000,0x00000000fd4d8000,0x0000000100000000)
  to   space 100864K, 0% used [0x00000000f3b00000,0x00000000f3b00000,0x00000000f9d80000)
 ParOldGen       total 1027584K, used 959790K [0x0000000081200000, 0x00000000bfd80000, 0x00000000d5b80000)
  object space 1027584K, 93% used [0x0000000081200000,0x00000000bbb4b8c8,0x00000000bfd80000)
 Metaspace       used 4066K, capacity 4640K, committed 4864K, reserved 1056768K
  class space    used 441K, capacity 459K, committed 512K, reserved 1048576K

