# JRE version: Java(TM) SE Runtime Environment (8.0_131-b11) (build 1.8.0_131-b11)
# Java VM: Java HotSpot(TM) 64-Bit Server VM (25.131-b11 mixed mode windows-amd64 compressed oops)
Heap:
 PSYoungGen      total 544768K, used 544768K [0x00000000d5b80000, 0x0000000100000000, 0x0000000100000000)
  eden space 448000K, 100% used [0x00000000d5b80000,0x00000000f1100000,0x00000000f1100000)
  from space 96768K, 100% used [0x00000000fa180000,0x0000000100000000,0x0000000100000000)
  to   space 122368K, 100% used [0x00000000f1100000,0x00000000f8880000,0x00000000f8880000)
 ParOldGen       total 1385984K, used 883331K [0x0000000081200000, 0x00000000d5b80000, 0x00000000d5b80000)
  object space 1385984K, 63% used [0x0000000081200000,0x00000000b70a0ff8,0x00000000d5b80000)
 Metaspace       used 4070K, capacity 4640K, committed 4864K, reserved 1056768K
  class space    used 441K, capacity 459K, committed 512K, reserved 1048576K
GC Heap History (10 events):
Event: 888.597 GC heap after
Heap after GC invocations=1937 (full 87):
 PSYoungGen      total 591360K, used 992K [0x00000000d5b80000, 0x00000000ffc00000, 0x0000000100000000)
  eden space 497152K, 0% used [0x00000000d5b80000,0x00000000d5b80000,0x00000000f4100000)
  from space 94208K, 1% used [0x00000000fa000000,0x00000000fa0f8000,0x00000000ffc00000)
  to   space 95744K, 0% used [0x00000000f4100000,0x00000000f4100000,0x00000000f9e80000)
 ParOldGen       total 1385984K, used 836227K [0x0000000081200000, 0x00000000d5b80000, 0x00000000d5b80000)
  object space 1385984K, 60% used [0x0000000081200000,0x00000000b42a0ff8,0x00000000d5b80000)
 Metaspace       used 4070K, capacity 4640K, committed 4864K, reserved 1056768K
  class space    used 441K, capacity 459K, committed 512K, reserved 1048576K
}
Event: 888.768 GC heap before
{Heap before GC invocations=1938 (full 87):
 PSYoungGen      total 591360K, used 498144K [0x00000000d5b80000, 0x00000000ffc00000, 0x0000000100000000)
  eden space 497152K, 100% used [0x00000000d5b80000,0x00000000f4100000,0x00000000f4100000)
  from space 94208K, 1% used [0x00000000fa000000,0x00000000fa0f8000,0x00000000ffc00000)
  to   space 95744K, 0% used [0x00000000f4100000,0x00000000f4100000,0x00000000f9e80000)
 ParOldGen       total 1385984K, used 836227K [0x0000000081200000, 0x00000000d5b80000, 0x00000000d5b80000)
  object space 1385984K, 60% used [0x0000000081200000,0x00000000b42a0ff8,0x00000000d5b80000)
 Metaspace       used 4070K, capacity 4640K, committed 4864K, reserved 1056768K
  class space    used 441K, capacity 459K, committed 512K, reserved 1048576K
Event: 888.778 GC heap after
Heap after GC invocations=1938 (full 87):
 PSYoungGen      total 592896K, used 992K [0x00000000d5b80000, 0x00000000ffd80000, 0x0000000100000000)
  eden space 497152K, 0% used [0x00000000d5b80000,0x00000000d5b80000,0x00000000f4100000)
  from space 95744K, 1% used [0x00000000f4100000,0x00000000f41f8000,0x00000000f9e80000)
  to   space 93696K, 0% used [0x00000000fa200000,0x00000000fa200000,0x00000000ffd80000)
 ParOldGen       total 1385984K, used 837171K [0x0000000081200000, 0x00000000d5b80000, 0x00000000d5b80000)
  object space 1385984K, 60% used [0x0000000081200000,0x00000000b438cff8,0x00000000d5b80000)
 Metaspace       used 4070K, capacity 4640K, committed 4864K, reserved 1056768K
  class space    used 441K, capacity 459K, committed 512K, reserved 1048576K
}
Event: 888.949 GC heap before
{Heap before GC invocations=1939 (full 87):
 PSYoungGen      total 592896K, used 498144K [0x00000000d5b80000, 0x00000000ffd80000, 0x0000000100000000)
  eden space 497152K, 100% used [0x00000000d5b80000,0x00000000f4100000,0x00000000f4100000)
  from space 95744K, 1% used [0x00000000f4100000,0x00000000f41f8000,0x00000000f9e80000)
  to   space 93696K, 0% used [0x00000000fa200000,0x00000000fa200000,0x00000000ffd80000)
 ParOldGen       total 1385984K, used 837171K [0x0000000081200000, 0x00000000d5b80000, 0x00000000d5b80000)
  object space 1385984K, 60% used [0x0000000081200000,0x00000000b438cff8,0x00000000d5b80000)
 Metaspace       used 4070K, capacity 4640K, committed 4864K, reserved 1056768K
  class space    used 441K, capacity 459K, committed 512K, reserved 1048576K
Event: 888.960 GC heap after
Heap after GC invocations=1939 (full 87):
 PSYoungGen      total 592384K, used 1952K [0x00000000d5b80000, 0x00000000ff900000, 0x0000000100000000)
  eden space 503296K, 0% used [0x00000000d5b80000,0x00000000d5b80000,0x00000000f4700000)
  from space 89088K, 2% used [0x00000000fa200000,0x00000000fa3e8000,0x00000000ff900000)
  to   space 91136K, 0% used [0x00000000f4700000,0x00000000f4700000,0x00000000fa000000)
 ParOldGen       total 1385984K, used 837171K [0x0000000081200000, 0x00000000d5b80000, 0x00000000d5b80000)
  object space 1385984K, 60% used [0x0000000081200000,0x00000000b438cff8,0x00000000d5b80000)
 Metaspace       used 4070K, capacity 4640K, committed 4864K, reserved 1056768K
  class space    used 441K, capacity 459K, committed 512K, reserved 1048576K
}
Event: 889.319 GC heap before
{Heap before GC invocations=1940 (full 87):
 PSYoungGen      total 592384K, used 505248K [0x00000000d5b80000, 0x00000000ff900000, 0x0000000100000000)
  eden space 503296K, 100% used [0x00000000d5b80000,0x00000000f4700000,0x00000000f4700000)
  from space 89088K, 2% used [0x00000000fa200000,0x00000000fa3e8000,0x00000000ff900000)
  to   space 91136K, 0% used [0x00000000f4700000,0x00000000f4700000,0x00000000fa000000)
 ParOldGen       total 1385984K, used 837171K [0x0000000081200000, 0x00000000d5b80000, 0x00000000d5b80000)
  object space 1385984K, 60% used [0x0000000081200000,0x00000000b438cff8,0x00000000d5b80000)
 Metaspace       used 4070K, capacity 4640K, committed 4864K, reserved 1056768K
  class space    used 441K, capacity 459K, committed 512K, reserved 1048576K
Event: 889.397 GC heap after
Heap after GC invocations=1940 (full 87):
 PSYoungGen      total 594432K, used 56288K [0x00000000d5b80000, 0x0000000100000000, 0x0000000100000000)
  eden space 503296K, 0% used [0x00000000d5b80000,0x00000000d5b80000,0x00000000f4700000)
  from space 91136K, 61% used [0x00000000f4700000,0x00000000f7df8000,0x00000000fa000000)
  to   space 96768K, 0% used [0x00000000fa180000,0x00000000fa180000,0x0000000100000000)
 ParOldGen       total 1385984K, used 837171K [0x0000000081200000, 0x00000000d5b80000, 0x00000000d5b80000)
  object space 1385984K, 60% used [0x0000000081200000,0x00000000b438cff8,0x00000000d5b80000)
 Metaspace       used 4070K, capacity 4640K, committed 4864K, reserved 1056768K
  class space    used 441K, capacity 459K, committed 512K, reserved 1048576K
}
Event: 889.778 GC heap before
{Heap before GC invocations=1941 (full 87):
 PSYoungGen      total 594432K, used 559584K [0x00000000d5b80000, 0x0000000100000000, 0x0000000100000000)
  eden space 503296K, 100% used [0x00000000d5b80000,0x00000000f4700000,0x00000000f4700000)
  from space 91136K, 61% used [0x00000000f4700000,0x00000000f7df8000,0x00000000fa000000)
  to   space 96768K, 0% used [0x00000000fa180000,0x00000000fa180000,0x0000000100000000)
 ParOldGen       total 1385984K, used 837171K [0x0000000081200000, 0x00000000d5b80000, 0x00000000d5b80000)
  object space 1385984K, 60% used [0x0000000081200000,0x00000000b438cff8,0x00000000d5b80000)
 Metaspace       used 4070K, capacity 4640K, committed 4864K, reserved 1056768K
  class space    used 441K, capacity 459K, committed 512K, reserved 1048576K
Event: 889.972 GC heap after
Heap after GC invocations=1941 (full 87):
 PSYoungGen      total 544768K, used 96768K [0x00000000d5b80000, 0x0000000100000000, 0x0000000100000000)
  eden space 448000K, 0% used [0x00000000d5b80000,0x00000000d5b80000,0x00000000f1100000)
  from space 96768K, 100% used [0x00000000fa180000,0x0000000100000000,0x0000000100000000)
  to   space 122368K, 0% used [0x00000000f1100000,0x00000000f1100000,0x00000000f8880000)
 ParOldGen       total 1385984K, used 856035K [0x0000000081200000, 0x00000000d5b80000, 0x00000000d5b80000)
  object space 1385984K, 61% used [0x0000000081200000,0x00000000b55f8ff8,0x00000000d5b80000)
 Metaspace       used 4070K, capacity 4640K, committed 4864K, reserved 1056768K
  class space    used 441K, capacity 459K, committed 512K, reserved 1048576K
}
Event: 890.316 GC heap before
{Heap before GC invocations=1942 (full 87):
 PSYoungGen      total 544768K, used 544768K [0x00000000d5b80000, 0x0000000100000000, 0x0000000100000000)
  eden space 448000K, 100% used [0x00000000d5b80000,0x00000000f1100000,0x00000000f1100000)
  from space 96768K, 100% used [0x00000000fa180000,0x0000000100000000,0x0000000100000000)
  to   space 122368K, 0% used [0x00000000f1100000,0x00000000f1100000,0x00000000f8880000)
 ParOldGen       total 1385984K, used 856035K [0x0000000081200000, 0x00000000d5b80000, 0x00000000d5b80000)
  object space 1385984K, 61% used [0x0000000081200000,0x00000000b55f8ff8,0x00000000d5b80000)
 Metaspace       used 4070K, capacity 4640K, committed 4864K, reserved 1056768K
  class space    used 441K, capacity 459K, committed 512K, reserved 1048576K

