# JRE version: Java(TM) SE Runtime Environment (8.0_131-b11) (build 1.8.0_131-b11)
# Java VM: Java HotSpot(TM) 64-Bit Server VM (25.131-b11 mixed mode windows-amd64 compressed oops)
Heap:
 PSYoungGen      total 442368K, used 115181K [0x00000000d5b80000, 0x0000000100000000, 0x0000000100000000)
  eden space 327168K, 0% used [0x00000000d5b80000,0x00000000d5b80000,0x00000000e9b00000)
  from space 115200K, 99% used [0x00000000f8f80000,0x00000000ffffb688,0x0000000100000000)
  to   space 182784K, 0% used [0x00000000e9b00000,0x00000000e9b00000,0x00000000f4d80000)
 ParOldGen       total 408576K, used 408263K [0x0000000081200000, 0x000000009a100000, 0x00000000d5b80000)
  object space 408576K, 99% used [0x0000000081200000,0x000000009a0b1ec0,0x000000009a100000)
 Metaspace       used 4113K, capacity 4576K, committed 4864K, reserved 1056768K
  class space    used 441K, capacity 459K, committed 512K, reserved 1048576K
GC Heap History (10 events):
Event: 7.553 GC heap after
Heap after GC invocations=35 (full 3):
 PSYoungGen      total 588288K, used 55499K [0x00000000d5b80000, 0x00000000ffd00000, 0x0000000100000000)
  eden space 506880K, 0% used [0x00000000d5b80000,0x00000000d5b80000,0x00000000f4a80000)
  from space 81408K, 68% used [0x00000000f9f80000,0x00000000fd5b2ef8,0x00000000fef00000)
  to   space 87040K, 0% used [0x00000000f4a80000,0x00000000f4a80000,0x00000000f9f80000)
 ParOldGen       total 378880K, used 219087K [0x0000000081200000, 0x0000000098400000, 0x00000000d5b80000)
  object space 378880K, 57% used [0x0000000081200000,0x000000008e7f3ec0,0x0000000098400000)
 Metaspace       used 4111K, capacity 4576K, committed 4864K, reserved 1056768K
  class space    used 441K, capacity 459K, committed 512K, reserved 1048576K
}
Event: 7.911 GC heap before
{Heap before GC invocations=36 (full 3):
 PSYoungGen      total 588288K, used 562379K [0x00000000d5b80000, 0x00000000ffd00000, 0x0000000100000000)
  eden space 506880K, 100% used [0x00000000d5b80000,0x00000000f4a80000,0x00000000f4a80000)
  from space 81408K, 68% used [0x00000000f9f80000,0x00000000fd5b2ef8,0x00000000fef00000)
  to   space 87040K, 0% used [0x00000000f4a80000,0x00000000f4a80000,0x00000000f9f80000)
 ParOldGen       total 378880K, used 219087K [0x0000000081200000, 0x0000000098400000, 0x00000000d5b80000)
  object space 378880K, 57% used [0x0000000081200000,0x000000008e7f3ec0,0x0000000098400000)
 Metaspace       used 4111K, capacity 4576K, committed 4864K, reserved 1056768K
  class space    used 441K, capacity 459K, committed 512K, reserved 1048576K
Event: 7.971 GC heap after
Heap after GC invocations=36 (full 3):
 PSYoungGen      total 593920K, used 87035K [0x00000000d5b80000, 0x0000000100000000, 0x0000000100000000)
  eden space 506880K, 0% used [0x00000000d5b80000,0x00000000d5b80000,0x00000000f4a80000)
  from space 87040K, 99% used [0x00000000f4a80000,0x00000000f9f7ec08,0x00000000f9f80000)
  to   space 98816K, 0% used [0x00000000f9f80000,0x00000000f9f80000,0x0000000100000000)
 ParOldGen       total 378880K, used 236911K [0x0000000081200000, 0x0000000098400000, 0x00000000d5b80000)
  object space 378880K, 62% used [0x0000000081200000,0x000000008f95bec0,0x0000000098400000)
 Metaspace       used 4111K, capacity 4576K, committed 4864K, reserved 1056768K
  class space    used 441K, capacity 459K, committed 512K, reserved 1048576K
}
Event: 8.324 GC heap before
{Heap before GC invocations=37 (full 3):
 PSYoungGen      total 593920K, used 593915K [0x00000000d5b80000, 0x0000000100000000, 0x0000000100000000)
  eden space 506880K, 100% used [0x00000000d5b80000,0x00000000f4a80000,0x00000000f4a80000)
  from space 87040K, 99% used [0x00000000f4a80000,0x00000000f9f7ec08,0x00000000f9f80000)
  to   space 98816K, 0% used [0x00000000f9f80000,0x00000000f9f80000,0x0000000100000000)
 ParOldGen       total 378880K, used 236911K [0x0000000081200000, 0x0000000098400000, 0x00000000d5b80000)
  object space 378880K, 62% used [0x0000000081200000,0x000000008f95bec0,0x0000000098400000)
 Metaspace       used 4111K, capacity 4576K, committed 4864K, reserved 1056768K
  class space    used 441K, capacity 459K, committed 512K, reserved 1048576K
Event: 8.398 GC heap after
Heap after GC invocations=37 (full 3):
 PSYoungGen      total 567296K, used 63640K [0x00000000d5b80000, 0x0000000100000000, 0x0000000100000000)
  eden space 468480K, 0% used [0x00000000d5b80000,0x00000000d5b80000,0x00000000f2500000)
  from space 98816K, 64% used [0x00000000f9f80000,0x00000000fdda6200,0x0000000100000000)
  to   space 112128K, 0% used [0x00000000f2500000,0x00000000f2500000,0x00000000f9280000)
 ParOldGen       total 378880K, used 313895K [0x0000000081200000, 0x0000000098400000, 0x00000000d5b80000)
  object space 378880K, 82% used [0x0000000081200000,0x0000000094489ec0,0x0000000098400000)
 Metaspace       used 4111K, capacity 4576K, committed 4864K, reserved 1056768K
  class space    used 441K, capacity 459K, committed 512K, reserved 1048576K
}
Event: 8.725 GC heap before
{Heap before GC invocations=38 (full 3):
 PSYoungGen      total 567296K, used 532120K [0x00000000d5b80000, 0x0000000100000000, 0x0000000100000000)
  eden space 468480K, 100% used [0x00000000d5b80000,0x00000000f2500000,0x00000000f2500000)
  from space 98816K, 64% used [0x00000000f9f80000,0x00000000fdda6200,0x0000000100000000)
  to   space 112128K, 0% used [0x00000000f2500000,0x00000000f2500000,0x00000000f9280000)
 ParOldGen       total 378880K, used 313895K [0x0000000081200000, 0x0000000098400000, 0x00000000d5b80000)
  object space 378880K, 82% used [0x0000000081200000,0x0000000094489ec0,0x0000000098400000)
 Metaspace       used 4111K, capacity 4576K, committed 4864K, reserved 1056768K
  class space    used 441K, capacity 459K, committed 512K, reserved 1048576K
Event: 8.773 GC heap after
Heap after GC invocations=38 (full 3):
 PSYoungGen      total 577536K, used 109048K [0x00000000d5b80000, 0x0000000100000000, 0x0000000100000000)
  eden space 468480K, 0% used [0x00000000d5b80000,0x00000000d5b80000,0x00000000f2500000)
  from space 109056K, 99% used [0x00000000f2500000,0x00000000f8f7e200,0x00000000f8f80000)
  to   space 115200K, 0% used [0x00000000f8f80000,0x00000000f8f80000,0x0000000100000000)
 ParOldGen       total 378880K, used 313895K [0x0000000081200000, 0x0000000098400000, 0x00000000d5b80000)
  object space 378880K, 82% used [0x0000000081200000,0x0000000094489ec0,0x0000000098400000)
 Metaspace       used 4111K, capacity 4576K, committed 4864K, reserved 1056768K
  class space    used 441K, capacity 459K, committed 512K, reserved 1048576K
}
Event: 12.453 GC heap before
{Heap before GC invocations=39 (full 3):
 PSYoungGen      total 577536K, used 551791K [0x00000000d5b80000, 0x0000000100000000, 0x0000000100000000)
  eden space 468480K, 94% used [0x00000000d5b80000,0x00000000f0bddbc0,0x00000000f2500000)
  from space 109056K, 99% used [0x00000000f2500000,0x00000000f8f7e200,0x00000000f8f80000)
  to   space 115200K, 0% used [0x00000000f8f80000,0x00000000f8f80000,0x0000000100000000)
 ParOldGen       total 378880K, used 313895K [0x0000000081200000, 0x0000000098400000, 0x00000000d5b80000)
  object space 378880K, 82% used [0x0000000081200000,0x0000000094489ec0,0x0000000098400000)
 Metaspace       used 4113K, capacity 4576K, committed 4864K, reserved 1056768K
  class space    used 441K, capacity 459K, committed 512K, reserved 1048576K
Event: 12.545 GC heap after
Heap after GC invocations=39 (full 3):
 PSYoungGen      total 442368K, used 115181K [0x00000000d5b80000, 0x0000000100000000, 0x0000000100000000)
  eden space 327168K, 0% used [0x00000000d5b80000,0x00000000d5b80000,0x00000000e9b00000)
  from space 115200K, 99% used [0x00000000f8f80000,0x00000000ffffb688,0x0000000100000000)
  to   space 182784K, 0% used [0x00000000e9b00000,0x00000000e9b00000,0x00000000f4d80000)
 ParOldGen       total 408576K, used 408263K [0x0000000081200000, 0x000000009a100000, 0x00000000d5b80000)
  object space 408576K, 99% used [0x0000000081200000,0x000000009a0b1ec0,0x000000009a100000)
 Metaspace       used 4113K, capacity 4576K, committed 4864K, reserved 1056768K
  class space    used 441K, capacity 459K, committed 512K, reserved 1048576K
}
Event: 12.545 GC heap before
{Heap before GC invocations=40 (full 4):
 PSYoungGen      total 442368K, used 115181K [0x00000000d5b80000, 0x0000000100000000, 0x0000000100000000)
  eden space 327168K, 0% used [0x00000000d5b80000,0x00000000d5b80000,0x00000000e9b00000)
  from space 115200K, 99% used [0x00000000f8f80000,0x00000000ffffb688,0x0000000100000000)
  to   space 182784K, 0% used [0x00000000e9b00000,0x00000000e9b00000,0x00000000f4d80000)
 ParOldGen       total 408576K, used 408263K [0x0000000081200000, 0x000000009a100000, 0x00000000d5b80000)
  object space 408576K, 99% used [0x0000000081200000,0x000000009a0b1ec0,0x000000009a100000)
 Metaspace       used 4113K, capacity 4576K, committed 4864K, reserved 1056768K
  class space    used 441K, capacity 459K, committed 512K, reserved 1048576K

